Flow report for UnidadeAritmetica
Wed Apr 16 23:20:37 2025
Quartus II 64-Bit Version 13.0.1 Build 232 06/12/2013 Service Pack 1 SJ Web Edition


---------------------
; Table of Contents ;
---------------------
  1. Legal Notice
  2. Flow Summary
  3. Flow Settings
  4. Flow Non-Default Global Settings
  5. Flow Elapsed Time
  6. Flow OS Summary
  7. Flow Log
  8. Flow Messages
  9. Flow Suppressed Messages



----------------
; Legal Notice ;
----------------
Copyright (C) 1991-2013 Altera Corporation
Your use of Altera Corporation's design tools, logic functions 
and other software and tools, and its AMPP partner logic 
functions, and any output files from any of the foregoing 
(including device programming or simulation files), and any 
associated documentation or information are expressly subject 
to the terms and conditions of the Altera Program License 
Subscription Agreement, Altera MegaCore Function License 
Agreement, or other applicable license agreement, including, 
without limitation, that your use is for the sole purpose of 
programming logic devices manufactured by Altera and sold by 
Altera or its authorized distributors.  Please refer to the 
applicable agreement for further details.



+--------------------------------------------------------------------------------------+
; Flow Summary                                                                         ;
+------------------------------------+-------------------------------------------------+
; Flow Status                        ; Successful - Wed Apr 16 23:20:37 2025           ;
; Quartus II 64-Bit Version          ; 13.0.1 Build 232 06/12/2013 SP 1 SJ Web Edition ;
; Revision Name                      ; UnidadeAritmetica                               ;
; Top-level Entity Name              ; UnidadeAritmetica                               ;
; Family                             ; Cyclone IV GX                                   ;
; Total logic elements               ; 40 / 14,400 ( < 1 % )                           ;
;     Total combinational functions  ; 40 / 14,400 ( < 1 % )                           ;
;     Dedicated logic registers      ; 0 / 14,400 ( 0 % )                              ;
; Total registers                    ; 0                                               ;
; Total pins                         ; 18 / 81 ( 22 % )                                ;
; Total virtual pins                 ; 0                                               ;
; Total memory bits                  ; 0 / 552,960 ( 0 % )                             ;
; Embedded Multiplier 9-bit elements ; 0                                               ;
; Total GXB Receiver Channel PCS     ; 0 / 2 ( 0 % )                                   ;
; Total GXB Receiver Channel PMA     ; 0 / 2 ( 0 % )                                   ;
; Total GXB Transmitter Channel PCS  ; 0 / 2 ( 0 % )                                   ;
; Total GXB Transmitter Channel PMA  ; 0 / 2 ( 0 % )                                   ;
; Total PLLs                         ; 0 / 3 ( 0 % )                                   ;
; Device                             ; EP4CGX15BF14C6                                  ;
; Timing Models                      ; Final                                           ;
+------------------------------------+-------------------------------------------------+


+-----------------------------------------+
; Flow Settings                           ;
+-------------------+---------------------+
; Option            ; Setting             ;
+-------------------+---------------------+
; Start date & time ; 04/16/2025 23:19:22 ;
; Main task         ; Compilation         ;
; Revision Name     ; UnidadeAritmetica   ;
+-------------------+---------------------+


+---------------------------------------------------------------------------------------------------------------------+
; Flow Non-Default Global Settings                                                                                    ;
+-------------------------------------+--------------------------------+---------------+-------------+----------------+
; Assignment Name                     ; Value                          ; Default Value ; Entity Name ; Section Id     ;
+-------------------------------------+--------------------------------+---------------+-------------+----------------+
; COMPILER_SIGNATURE_ID               ; 14071518927983.174485636218436 ; --            ; --          ; --             ;
; EDA_GENERATE_FUNCTIONAL_NETLIST     ; On                             ; --            ; --          ; eda_simulation ;
; EDA_OUTPUT_DATA_FORMAT              ; Verilog Hdl                    ; --            ; --          ; eda_simulation ;
; EDA_SIMULATION_TOOL                 ; ModelSim-Altera (Verilog)      ; <None>        ; --          ; --             ;
; PARTITION_COLOR                     ; 16764057                       ; --            ; --          ; Top            ;
; PARTITION_FITTER_PRESERVATION_LEVEL ; PLACEMENT_AND_ROUTING          ; --            ; --          ; Top            ;
; PARTITION_NETLIST_TYPE              ; SOURCE                         ; --            ; --          ; Top            ;
; PROJECT_OUTPUT_DIRECTORY            ; output_files                   ; --            ; --          ; --             ;
+-------------------------------------+--------------------------------+---------------+-------------+----------------+


+-------------------------------------------------------------------------------------------------------------------------------+
; Flow Elapsed Time                                                                                                             ;
+---------------------------+--------------+-------------------------+---------------------+------------------------------------+
; Module Name               ; Elapsed Time ; Average Processors Used ; Peak Virtual Memory ; Total CPU Time (on all processors) ;
+---------------------------+--------------+-------------------------+---------------------+------------------------------------+
; Analysis & Synthesis      ; 00:00:02     ; 1.0                     ; 4642 MB             ; 00:00:01                           ;
; Fitter                    ; 00:00:05     ; 1.0                     ; 4975 MB             ; 00:00:02                           ;
; Assembler                 ; 00:00:01     ; 1.0                     ; 4607 MB             ; 00:00:01                           ;
; TimeQuest Timing Analyzer ; 00:00:02     ; 1.0                     ; 4603 MB             ; 00:00:01                           ;
; EDA Netlist Writer        ; 00:00:00     ; 1.0                     ; 4559 MB             ; 00:00:00                           ;
; EDA Netlist Writer        ; 00:00:00     ; 1.0                     ; 4567 MB             ; 00:00:00                           ;
; EDA Netlist Writer        ; 00:00:00     ; 1.0                     ; 4567 MB             ; 00:00:00                           ;
; EDA Netlist Writer        ; 00:00:00     ; 1.0                     ; 4567 MB             ; 00:00:00                           ;
; EDA Netlist Writer        ; 00:00:01     ; 1.0                     ; 4567 MB             ; 00:00:00                           ;
; Total                     ; 00:00:11     ; --                      ; --                  ; 00:00:05                           ;
+---------------------------+--------------+-------------------------+---------------------+------------------------------------+


+----------------------------------------------------------------------------------------+
; Flow OS Summary                                                                        ;
+---------------------------+------------------+-----------+------------+----------------+
; Module Name               ; Machine Hostname ; OS Name   ; OS Version ; Processor type ;
+---------------------------+------------------+-----------+------------+----------------+
; Analysis & Synthesis      ; NotebookArthur   ; Windows 7 ; 6.2        ; x86_64         ;
; Fitter                    ; NotebookArthur   ; Windows 7 ; 6.2        ; x86_64         ;
; Assembler                 ; NotebookArthur   ; Windows 7 ; 6.2        ; x86_64         ;
; TimeQuest Timing Analyzer ; NotebookArthur   ; Windows 7 ; 6.2        ; x86_64         ;
; EDA Netlist Writer        ; NotebookArthur   ; Windows 7 ; 6.2        ; x86_64         ;
; EDA Netlist Writer        ; NotebookArthur   ; Windows 7 ; 6.2        ; x86_64         ;
; EDA Netlist Writer        ; NotebookArthur   ; Windows 7 ; 6.2        ; x86_64         ;
; EDA Netlist Writer        ; NotebookArthur   ; Windows 7 ; 6.2        ; x86_64         ;
; EDA Netlist Writer        ; NotebookArthur   ; Windows 7 ; 6.2        ; x86_64         ;
+---------------------------+------------------+-----------+------------+----------------+


------------
; Flow Log ;
------------
quartus_map --read_settings_files=on --write_settings_files=off UnidadeAritmetica -c UnidadeAritmetica
quartus_fit --read_settings_files=off --write_settings_files=off UnidadeAritmetica -c UnidadeAritmetica
quartus_asm --read_settings_files=off --write_settings_files=off UnidadeAritmetica -c UnidadeAritmetica
quartus_sta UnidadeAritmetica -c UnidadeAritmetica
quartus_eda --read_settings_files=off --write_settings_files=off UnidadeAritmetica -c UnidadeAritmetica
quartus_eda --gen_testbench --check_outputs=on --tool=modelsim_oem --format=verilog UnidadeAritmetica -c UnidadeAritmetica --vector_source=C:/CircuitosDigitais/lab04/UnidadeArtimetica/TESTE.vwf --testbench_file=./simulation/qsim/UnidadeAritmetica.vt
quartus_eda --functional=on --simulation=on --tool=modelsim_oem --format=verilog UnidadeAritmetica -c UnidadeAritmetica
quartus_eda --gen_testbench --check_outputs=on --tool=modelsim_oem --format=verilog UnidadeAritmetica -c UnidadeAritmetica --vector_source=C:/CircuitosDigitais/lab04/UnidadeArtimetica/TESTE.vwf --testbench_file=./simulation/qsim/UnidadeAritmetica.vt
quartus_eda --functional=on --simulation=on --tool=modelsim_oem --format=verilog UnidadeAritmetica -c UnidadeAritmetica



